# JRE version: OpenJDK Runtime Environment (8.0_112-b06) (build 1.8.0_112-release-b06)
# Java VM: OpenJDK 64-Bit Server VM (25.112-b06 mixed mode windows-amd64 compressed oops)
Heap:
 PSYoungGen      total 188416K, used 107506K [0x00000000e0000000, 0x00000000ee200000, 0x0000000100000000)
  eden space 162816K, 56% used [0x00000000e0000000,0x00000000e59109b8,0x00000000e9f00000)
  from space 25600K, 63% used [0x00000000e9f00000,0x00000000eaeec030,0x00000000eb800000)
  to   space 26112K, 0% used [0x00000000ec880000,0x00000000ec880000,0x00000000ee200000)
 ParOldGen       total 111104K, used 59428K [0x00000000a0000000, 0x00000000a6c80000, 0x00000000e0000000)
  object space 111104K, 53% used [0x00000000a0000000,0x00000000a3a09378,0x00000000a6c80000)
 Metaspace       used 67040K, capacity 71446K, committed 71808K, reserved 1112064K
  class space    used 8854K, capacity 9732K, committed 9856K, reserved 1048576K
GC Heap History (10 events):
Event: 396.120 GC heap before
{Heap before GC invocations=22 (full 3):
 PSYoungGen      total 155136K, used 148078K [0x00000000e0000000, 0x00000000eac80000, 0x0000000100000000)
  eden space 138752K, 100% used [0x00000000e0000000,0x00000000e8780000,0x00000000e8780000)
  from space 16384K, 56% used [0x00000000e9c80000,0x00000000ea59b998,0x00000000eac80000)
  to   space 18944K, 0% used [0x00000000e8780000,0x00000000e8780000,0x00000000e9a00000)
 ParOldGen       total 111104K, used 43645K [0x00000000a0000000, 0x00000000a6c80000, 0x00000000e0000000)
  object space 111104K, 39% used [0x00000000a0000000,0x00000000a2a9f7d8,0x00000000a6c80000)
 Metaspace       used 62340K, capacity 65234K, committed 65536K, reserved 1105920K
  class space    used 8255K, capacity 8872K, committed 8960K, reserved 1048576K
Event: 396.150 GC heap after
Heap after GC invocations=22 (full 3):
 PSYoungGen      total 157696K, used 5544K [0x00000000e0000000, 0x00000000eb900000, 0x0000000100000000)
  eden space 138752K, 0% used [0x00000000e0000000,0x00000000e0000000,0x00000000e8780000)
  from space 18944K, 29% used [0x00000000e8780000,0x00000000e8cea0c0,0x00000000e9a00000)
  to   space 18432K, 0% used [0x00000000ea700000,0x00000000ea700000,0x00000000eb900000)
 ParOldGen       total 111104K, used 43653K [0x00000000a0000000, 0x00000000a6c80000, 0x00000000e0000000)
  object space 111104K, 39% used [0x00000000a0000000,0x00000000a2aa17d8,0x00000000a6c80000)
 Metaspace       used 62340K, capacity 65234K, committed 65536K, reserved 1105920K
  class space    used 8255K, capacity 8872K, committed 8960K, reserved 1048576K
}
Event: 398.217 GC heap before
{Heap before GC invocations=23 (full 3):
 PSYoungGen      total 157696K, used 144296K [0x00000000e0000000, 0x00000000eb900000, 0x0000000100000000)
  eden space 138752K, 100% used [0x00000000e0000000,0x00000000e8780000,0x00000000e8780000)
  from space 18944K, 29% used [0x00000000e8780000,0x00000000e8cea0c0,0x00000000e9a00000)
  to   space 18432K, 0% used [0x00000000ea700000,0x00000000ea700000,0x00000000eb900000)
 ParOldGen       total 111104K, used 43653K [0x00000000a0000000, 0x00000000a6c80000, 0x00000000e0000000)
  object space 111104K, 39% used [0x00000000a0000000,0x00000000a2aa17d8,0x00000000a6c80000)
 Metaspace       used 63785K, capacity 66704K, committed 66816K, reserved 1107968K
  class space    used 8457K, capacity 9117K, committed 9216K, reserved 1048576K
Event: 398.289 GC heap after
Heap after GC invocations=23 (full 3):
 PSYoungGen      total 163840K, used 18408K [0x00000000e0000000, 0x00000000ed080000, 0x0000000100000000)
  eden space 145408K, 0% used [0x00000000e0000000,0x00000000e0000000,0x00000000e8e00000)
  from space 18432K, 99% used [0x00000000ea700000,0x00000000eb8fa0e0,0x00000000eb900000)
  to   space 25600K, 0% used [0x00000000e8e00000,0x00000000e8e00000,0x00000000ea700000)
 ParOldGen       total 111104K, used 56008K [0x00000000a0000000, 0x00000000a6c80000, 0x00000000e0000000)
  object space 111104K, 50% used [0x00000000a0000000,0x00000000a36b21d8,0x00000000a6c80000)
 Metaspace       used 63785K, capacity 66704K, committed 66816K, reserved 1107968K
  class space    used 8457K, capacity 9117K, committed 9216K, reserved 1048576K
}
Event: 554.681 GC heap before
{Heap before GC invocations=24 (full 3):
 PSYoungGen      total 163840K, used 163816K [0x00000000e0000000, 0x00000000ed080000, 0x0000000100000000)
  eden space 145408K, 100% used [0x00000000e0000000,0x00000000e8e00000,0x00000000e8e00000)
  from space 18432K, 99% used [0x00000000ea700000,0x00000000eb8fa0e0,0x00000000eb900000)
  to   space 25600K, 0% used [0x00000000e8e00000,0x00000000e8e00000,0x00000000ea700000)
 ParOldGen       total 111104K, used 56008K [0x00000000a0000000, 0x00000000a6c80000, 0x00000000e0000000)
  object space 111104K, 50% used [0x00000000a0000000,0x00000000a36b21d8,0x00000000a6c80000)
 Metaspace       used 65711K, capacity 69058K, committed 69120K, reserved 1110016K
  class space    used 8709K, capacity 9461K, committed 9472K, reserved 1048576K
Event: 554.717 GC heap after
Heap after GC invocations=24 (full 3):
 PSYoungGen      total 171008K, used 12863K [0x00000000e0000000, 0x00000000ed380000, 0x0000000100000000)
  eden space 145408K, 0% used [0x00000000e0000000,0x00000000e0000000,0x00000000e8e00000)
  from space 25600K, 50% used [0x00000000e8e00000,0x00000000e9a8feb8,0x00000000ea700000)
  to   space 25088K, 0% used [0x00000000ebb00000,0x00000000ebb00000,0x00000000ed380000)
 ParOldGen       total 111104K, used 59412K [0x00000000a0000000, 0x00000000a6c80000, 0x00000000e0000000)
  object space 111104K, 53% used [0x00000000a0000000,0x00000000a3a05378,0x00000000a6c80000)
 Metaspace       used 65711K, capacity 69058K, committed 69120K, reserved 1110016K
  class space    used 8709K, capacity 9461K, committed 9472K, reserved 1048576K
}
Event: 596.405 GC heap before
{Heap before GC invocations=25 (full 3):
 PSYoungGen      total 171008K, used 158271K [0x00000000e0000000, 0x00000000ed380000, 0x0000000100000000)
  eden space 145408K, 100% used [0x00000000e0000000,0x00000000e8e00000,0x00000000e8e00000)
  from space 25600K, 50% used [0x00000000e8e00000,0x00000000e9a8feb8,0x00000000ea700000)
  to   space 25088K, 0% used [0x00000000ebb00000,0x00000000ebb00000,0x00000000ed380000)
 ParOldGen       total 111104K, used 59412K [0x00000000a0000000, 0x00000000a6c80000, 0x00000000e0000000)
  object space 111104K, 53% used [0x00000000a0000000,0x00000000a3a05378,0x00000000a6c80000)
 Metaspace       used 66214K, capacity 70036K, committed 70272K, reserved 1110016K
  class space    used 8777K, capacity 9575K, committed 9600K, reserved 1048576K
Event: 596.438 GC heap after
Heap after GC invocations=25 (full 3):
 PSYoungGen      total 185344K, used 15712K [0x00000000e0000000, 0x00000000ed100000, 0x0000000100000000)
  eden space 162816K, 0% used [0x00000000e0000000,0x00000000e0000000,0x00000000e9f00000)
  from space 22528K, 69% used [0x00000000ebb00000,0x00000000eca58020,0x00000000ed100000)
  to   space 25600K, 0% used [0x00000000e9f00000,0x00000000e9f00000,0x00000000eb800000)
 ParOldGen       total 111104K, used 59420K [0x00000000a0000000, 0x00000000a6c80000, 0x00000000e0000000)
  object space 111104K, 53% used [0x00000000a0000000,0x00000000a3a07378,0x00000000a6c80000)
 Metaspace       used 66214K, capacity 70036K, committed 70272K, reserved 1110016K
  class space    used 8777K, capacity 9575K, committed 9600K, reserved 1048576K
}
Event: 679.447 GC heap before
{Heap before GC invocations=26 (full 3):
 PSYoungGen      total 185344K, used 178528K [0x00000000e0000000, 0x00000000ed100000, 0x0000000100000000)
  eden space 162816K, 100% used [0x00000000e0000000,0x00000000e9f00000,0x00000000e9f00000)
  from space 22528K, 69% used [0x00000000ebb00000,0x00000000eca58020,0x00000000ed100000)
  to   space 25600K, 0% used [0x00000000e9f00000,0x00000000e9f00000,0x00000000eb800000)
 ParOldGen       total 111104K, used 59420K [0x00000000a0000000, 0x00000000a6c80000, 0x00000000e0000000)
  object space 111104K, 53% used [0x00000000a0000000,0x00000000a3a07378,0x00000000a6c80000)
 Metaspace       used 66815K, capacity 71084K, committed 71168K, reserved 1110016K
  class space    used 8837K, capacity 9711K, committed 9728K, reserved 1048576K
Event: 679.478 GC heap after
Heap after GC invocations=26 (full 3):
 PSYoungGen      total 188416K, used 16304K [0x00000000e0000000, 0x00000000ee200000, 0x0000000100000000)
  eden space 162816K, 0% used [0x00000000e0000000,0x00000000e0000000,0x00000000e9f00000)
  from space 25600K, 63% used [0x00000000e9f00000,0x00000000eaeec030,0x00000000eb800000)
  to   space 26112K, 0% used [0x00000000ec880000,0x00000000ec880000,0x00000000ee200000)
 ParOldGen       total 111104K, used 59428K [0x00000000a0000000, 0x00000000a6c80000, 0x00000000e0000000)
  object space 111104K, 53% used [0x00000000a0000000,0x00000000a3a09378,0x00000000a6c80000)
 Metaspace       used 66815K, capacity 71084K, committed 71168K, reserved 1110016K
  class space    used 8837K, capacity 9711K, committed 9728K, reserved 1048576K
}

