# JRE version: OpenJDK Runtime Environment (8.0_112-b06) (build 1.8.0_112-release-b06)
# Java VM: OpenJDK 64-Bit Server VM (25.112-b06 mixed mode windows-amd64 compressed oops)
Heap:
 PSYoungGen      total 332288K, used 66165K [0x000000076ab00000, 0x0000000783b00000, 0x00000007c0000000)
  eden space 264192K, 7% used [0x000000076ab00000,0x000000076bd903d0,0x000000077ad00000)
  from space 68096K, 69% used [0x000000077f380000,0x000000078218d398,0x0000000783600000)
  to   space 72192K, 0% used [0x000000077ad00000,0x000000077ad00000,0x000000077f380000)
 ParOldGen       total 155648K, used 102875K [0x00000006c0000000, 0x00000006c9800000, 0x000000076ab00000)
  object space 155648K, 66% used [0x00000006c0000000,0x00000006c6476fa8,0x00000006c9800000)
 Metaspace       used 6962K, capacity 7760K, committed 7936K, reserved 1056768K
  class space    used 611K, capacity 648K, committed 768K, reserved 1048576K
GC Heap History (10 events):
Event: 6.388 GC heap before
{Heap before GC invocations=10 (full 1):
 PSYoungGen      total 199680K, used 199435K [0x000000076ab00000, 0x000000077d400000, 0x00000007c0000000)
  eden space 180224K, 100% used [0x000000076ab00000,0x0000000775b00000,0x0000000775b00000)
  from space 19456K, 98% used [0x000000077c100000,0x000000077d3c2c18,0x000000077d400000)
  to   space 29184K, 0% used [0x0000000779b00000,0x0000000779b00000,0x000000077b780000)
 ParOldGen       total 85504K, used 44027K [0x00000006c0000000, 0x00000006c5380000, 0x000000076ab00000)
  object space 85504K, 51% used [0x00000006c0000000,0x00000006c2afef78,0x00000006c5380000)
 Metaspace       used 6385K, capacity 7280K, committed 7552K, reserved 1056768K
  class space    used 589K, capacity 616K, committed 640K, reserved 1048576K
Event: 6.547 GC heap after
Heap after GC invocations=10 (full 1):
 PSYoungGen      total 259584K, used 29161K [0x000000076ab00000, 0x000000077da00000, 0x00000007c0000000)
  eden space 230400K, 0% used [0x000000076ab00000,0x000000076ab00000,0x0000000778c00000)
  from space 29184K, 99% used [0x0000000779b00000,0x000000077b77a6b0,0x000000077b780000)
  to   space 35328K, 0% used [0x000000077b780000,0x000000077b780000,0x000000077da00000)
 ParOldGen       total 85504K, used 58052K [0x00000006c0000000, 0x00000006c5380000, 0x000000076ab00000)
  object space 85504K, 67% used [0x00000006c0000000,0x00000006c38b1340,0x00000006c5380000)
 Metaspace       used 6385K, capacity 7280K, committed 7552K, reserved 1056768K
  class space    used 589K, capacity 616K, committed 640K, reserved 1048576K
}
Event: 7.794 GC heap before
{Heap before GC invocations=11 (full 1):
 PSYoungGen      total 259584K, used 259561K [0x000000076ab00000, 0x000000077da00000, 0x00000007c0000000)
  eden space 230400K, 100% used [0x000000076ab00000,0x0000000778c00000,0x0000000778c00000)
  from space 29184K, 99% used [0x0000000779b00000,0x000000077b77a6b0,0x000000077b780000)
  to   space 35328K, 0% used [0x000000077b780000,0x000000077b780000,0x000000077da00000)
 ParOldGen       total 85504K, used 58052K [0x00000006c0000000, 0x00000006c5380000, 0x000000076ab00000)
  object space 85504K, 67% used [0x00000006c0000000,0x00000006c38b1340,0x00000006c5380000)
 Metaspace       used 6393K, capacity 7280K, committed 7552K, reserved 1056768K
  class space    used 589K, capacity 616K, committed 640K, reserved 1048576K
Event: 8.055 GC heap after
Heap after GC invocations=11 (full 1):
 PSYoungGen      total 254464K, used 35323K [0x000000076ab00000, 0x0000000783e80000, 0x00000007c0000000)
  eden space 219136K, 0% used [0x000000076ab00000,0x000000076ab00000,0x0000000778100000)
  from space 35328K, 99% used [0x000000077b780000,0x000000077d9fef38,0x000000077da00000)
  to   space 55808K, 0% used [0x0000000778100000,0x0000000778100000,0x000000077b780000)
 ParOldGen       total 87552K, used 87048K [0x00000006c0000000, 0x00000006c5580000, 0x000000076ab00000)
  object space 87552K, 99% used [0x00000006c0000000,0x00000006c55022d8,0x00000006c5580000)
 Metaspace       used 6393K, capacity 7280K, committed 7552K, reserved 1056768K
  class space    used 589K, capacity 616K, committed 640K, reserved 1048576K
}
Event: 8.055 GC heap before
{Heap before GC invocations=12 (full 2):
 PSYoungGen      total 254464K, used 35323K [0x000000076ab00000, 0x0000000783e80000, 0x00000007c0000000)
  eden space 219136K, 0% used [0x000000076ab00000,0x000000076ab00000,0x0000000778100000)
  from space 35328K, 99% used [0x000000077b780000,0x000000077d9fef38,0x000000077da00000)
  to   space 55808K, 0% used [0x0000000778100000,0x0000000778100000,0x000000077b780000)
 ParOldGen       total 87552K, used 87048K [0x00000006c0000000, 0x00000006c5580000, 0x000000076ab00000)
  object space 87552K, 99% used [0x00000006c0000000,0x00000006c55022d8,0x00000006c5580000)
 Metaspace       used 6393K, capacity 7280K, committed 7552K, reserved 1056768K
  class space    used 589K, capacity 616K, committed 640K, reserved 1048576K
Event: 9.181 GC heap after
Heap after GC invocations=12 (full 2):
 PSYoungGen      total 254464K, used 29040K [0x000000076ab00000, 0x0000000783e80000, 0x00000007c0000000)
  eden space 219136K, 0% used [0x000000076ab00000,0x000000076ab00000,0x0000000778100000)
  from space 35328K, 82% used [0x000000077b780000,0x000000077d3dc050,0x000000077da00000)
  to   space 55808K, 0% used [0x0000000778100000,0x0000000778100000,0x000000077b780000)
 ParOldGen       total 155648K, used 87194K [0x00000006c0000000, 0x00000006c9800000, 0x000000076ab00000)
  object space 155648K, 56% used [0x00000006c0000000,0x00000006c5526b50,0x00000006c9800000)
 Metaspace       used 6393K, capacity 7280K, committed 7552K, reserved 1056768K
  class space    used 589K, capacity 616K, committed 640K, reserved 1048576K
}
Event: 10.532 GC heap before
{Heap before GC invocations=13 (full 2):
 PSYoungGen      total 254464K, used 248176K [0x000000076ab00000, 0x0000000783e80000, 0x00000007c0000000)
  eden space 219136K, 100% used [0x000000076ab00000,0x0000000778100000,0x0000000778100000)
  from space 35328K, 82% used [0x000000077b780000,0x000000077d3dc050,0x000000077da00000)
  to   space 55808K, 0% used [0x0000000778100000,0x0000000778100000,0x000000077b780000)
 ParOldGen       total 155648K, used 87194K [0x00000006c0000000, 0x00000006c9800000, 0x000000076ab00000)
  object space 155648K, 56% used [0x00000006c0000000,0x00000006c5526b50,0x00000006c9800000)
 Metaspace       used 6406K, capacity 7280K, committed 7552K, reserved 1056768K
  class space    used 589K, capacity 616K, committed 640K, reserved 1048576K
Event: 10.770 GC heap after
Heap after GC invocations=13 (full 2):
 PSYoungGen      total 274944K, used 55787K [0x000000076ab00000, 0x0000000783600000, 0x00000007c0000000)
  eden space 219136K, 0% used [0x000000076ab00000,0x000000076ab00000,0x0000000778100000)
  from space 55808K, 99% used [0x0000000778100000,0x000000077b77af68,0x000000077b780000)
  to   space 68096K, 0% used [0x000000077f380000,0x000000077f380000,0x0000000783600000)
 ParOldGen       total 155648K, used 93795K [0x00000006c0000000, 0x00000006c9800000, 0x000000076ab00000)
  object space 155648K, 60% used [0x00000006c0000000,0x00000006c5b98fa8,0x00000006c9800000)
 Metaspace       used 6406K, capacity 7280K, committed 7552K, reserved 1056768K
  class space    used 589K, capacity 616K, committed 640K, reserved 1048576K
}
Event: 13.439 GC heap before
{Heap before GC invocations=14 (full 2):
 PSYoungGen      total 274944K, used 274923K [0x000000076ab00000, 0x0000000783600000, 0x00000007c0000000)
  eden space 219136K, 100% used [0x000000076ab00000,0x0000000778100000,0x0000000778100000)
  from space 55808K, 99% used [0x0000000778100000,0x000000077b77af68,0x000000077b780000)
  to   space 68096K, 0% used [0x000000077f380000,0x000000077f380000,0x0000000783600000)
 ParOldGen       total 155648K, used 93795K [0x00000006c0000000, 0x00000006c9800000, 0x000000076ab00000)
  object space 155648K, 60% used [0x00000006c0000000,0x00000006c5b98fa8,0x00000006c9800000)
 Metaspace       used 6837K, capacity 7632K, committed 7936K, reserved 1056768K
  class space    used 610K, capacity 648K, committed 768K, reserved 1048576K
Event: 13.624 GC heap after
Heap after GC invocations=14 (full 2):
 PSYoungGen      total 332288K, used 47156K [0x000000076ab00000, 0x0000000783b00000, 0x00000007c0000000)
  eden space 264192K, 0% used [0x000000076ab00000,0x000000076ab00000,0x000000077ad00000)
  from space 68096K, 69% used [0x000000077f380000,0x000000078218d398,0x0000000783600000)
  to   space 72192K, 0% used [0x000000077ad00000,0x000000077ad00000,0x000000077f380000)
 ParOldGen       total 155648K, used 102875K [0x00000006c0000000, 0x00000006c9800000, 0x000000076ab00000)
  object space 155648K, 66% used [0x00000006c0000000,0x00000006c6476fa8,0x00000006c9800000)
 Metaspace       used 6837K, capacity 7632K, committed 7936K, reserved 1056768K
  class space    used 610K, capacity 648K, committed 768K, reserved 1048576K
}

